#------------------------------------------------------------------------------
# irace: An implementation in R of (Elitist) Iterated Racing
# Version: 3.5.6863679
# Copyright (C) 2010-2020
# Manuel Lopez-Ibanez     <manuel.lopez-ibanez@manchester.ac.uk>
# Jeremie Dubois-Lacoste  
# Leslie Perez Caceres    <leslie.perez.caceres@ulb.ac.be>
#
# This is free software, and you are welcome to redistribute it under certain
# conditions.  See the GNU General Public License for details. There is NO
# WARRANTY; not even for MERCHANTABILITY or FITNESS FOR A PARTICULAR PURPOSE.
#
# irace builds upon previous code from the race package:
#     race: Racing methods for the selection of the best
#     Copyright (C) 2003 Mauro Birattari
#------------------------------------------------------------------------------
# installed at: /home/shared/sisadapt2/R/x86_64-pc-linux-gnu-library/3.6/irace
# called with: 
== irace == WARNING: A default scenario file '/home/shared/sisadapt2/FFMSP/tuning075/scenario.txt' has been found and will be read.
batchmode 
sge,pbs,torque,slurm,htcondor 
# 2024-11-11 11:57:54 -03: Initialization
# Elitist race
# Elitist new instances: 1
# Elitist limit: 2
# nbIterations: 4
# minNbSurvival: 4
# nbParameters: 4
# seed: 27986896
# confidence level: 0.95
# budget: 1000
# mu: 5
# deterministic: FALSE

# 2024-11-11 11:57:54 -03: Iteration 1 of 4
# experimentsUsedSoFar: 0
# remainingBudget: 1000
# currentBudget: 250
# nbConfigurations: 41
# Markers:
     x No test is performed.
     c Configurations are discarded only due to capping.
     - The test is performed and some configurations are discarded.
     = The test is performed but no configuration is discarded.
     ! The test is performed and configurations could be discarded but elite configurations are preserved.
     . All alive configurations are elite and nothing is discarded

+-+-----------+-----------+-----------+----------------+-----------+--------+-----+----+------+
| |   Instance|      Alive|       Best|       Mean best| Exp so far|  W time|  rho|KenW|  Qvar|
+-+-----------+-----------+-----------+----------------+-----------+--------+-----+----+------+
#------------------------------------------------------------------------------
# irace: An implementation in R of (Elitist) Iterated Racing
# Version: 3.5.6863679
# Copyright (C) 2010-2020
# Manuel Lopez-Ibanez     <manuel.lopez-ibanez@manchester.ac.uk>
# Jeremie Dubois-Lacoste  
# Leslie Perez Caceres    <leslie.perez.caceres@ulb.ac.be>
#
# This is free software, and you are welcome to redistribute it under certain
# conditions.  See the GNU General Public License for details. There is NO
# WARRANTY; not even for MERCHANTABILITY or FITNESS FOR A PARTICULAR PURPOSE.
#
# irace builds upon previous code from the race package:
#     race: Racing methods for the selection of the best
#     Copyright (C) 2003 Mauro Birattari
#------------------------------------------------------------------------------
# installed at: /home/shared/sisadapt2/R/x86_64-pc-linux-gnu-library/3.6/irace
# called with: 
== irace == WARNING: A default scenario file '/home/shared/sisadapt2/FFMSP/tuning075/scenario.txt' has been found and will be read.
batchmode 
sge,pbs,torque,slurm,htcondor 
# 2024-11-11 19:50:20 -03: Initialization
# Elitist race
# Elitist new instances: 1
# Elitist limit: 2
# nbIterations: 4
# minNbSurvival: 4
# nbParameters: 4
# seed: 1448687470
# confidence level: 0.95
# budget: 1000
# mu: 5
# deterministic: FALSE

# 2024-11-11 19:50:20 -03: Iteration 1 of 4
# experimentsUsedSoFar: 0
# remainingBudget: 1000
# currentBudget: 250
# nbConfigurations: 41
# Markers:
     x No test is performed.
     c Configurations are discarded only due to capping.
     - The test is performed and some configurations are discarded.
     = The test is performed but no configuration is discarded.
     ! The test is performed and configurations could be discarded but elite configurations are preserved.
     . All alive configurations are elite and nothing is discarded

+-+-----------+-----------+-----------+----------------+-----------+--------+-----+----+------+
| |   Instance|      Alive|       Best|       Mean best| Exp so far|  W time|  rho|KenW|  Qvar|
+-+-----------+-----------+-----------+----------------+-----------+--------+-----+----+------+
|x|          1|         41|          7|    -200.0000000|         41|13:25:28|   NA|  NA|    NA|
|x|          2|         41|         31|    -199.0000000|         82|00:06:09|+0.94|0.97|0.0814|
|x|          3|         41|         31|    -166.0000000|        123|00:06:07|+0.76|0.84|0.1431|
|x|          4|         41|         31|    -149.5000000|        164|00:06:11|+0.73|0.80|0.1361|
|-|          5|         16|         31|    -159.6000000|        205|00:06:40|+0.14|0.31|0.5403|
|-|          6|         10|         31|    -149.6666667|        221|00:03:08|+0.01|0.17|0.4600|
|=|          7|         10|         31|    -156.8571429|        231|00:01:29|+0.12|0.25|0.4717|
|=|          8|         10|         31|    -162.2500000|        241|00:01:37|+0.09|0.20|0.5233|
+-+-----------+-----------+-----------+----------------+-----------+--------+-----+----+------+
Best-so-far configuration:          31    mean value:     -162.2500000
Description of the best-so-far configuration:
   .ID. determinismo populationSize tournamentSize gradoMutacion .PARENT.
31   31         0.67             62              3          0.13       NA

# 2024-11-12 09:47:14 -03: Elite configurations (first number is the configuration ID; listed from best to worst according to the sum of ranks):
   determinismo populationSize tournamentSize gradoMutacion
31         0.67             62              3          0.13
36         0.70             99              3          0.11
30         0.75            105              4          0.09
37         0.88             63              3          0.05
# 2024-11-12 09:47:14 -03: Iteration 2 of 4
# experimentsUsedSoFar: 241
# remainingBudget: 759
# currentBudget: 253
# nbConfigurations: 31
# Markers:
     x No test is performed.
     c Configurations are discarded only due to capping.
     - The test is performed and some configurations are discarded.
     = The test is performed but no configuration is discarded.
     ! The test is performed and configurations could be discarded but elite configurations are preserved.
     . All alive configurations are elite and nothing is discarded

+-+-----------+-----------+-----------+----------------+-----------+--------+-----+----+------+
| |   Instance|      Alive|       Best|       Mean best| Exp so far|  W time|  rho|KenW|  Qvar|
+-+-----------+-----------+-----------+----------------+-----------+--------+-----+----+------+
|x|          9|         31|         31|    -100.0000000|         31|00:04:01|   NA|  NA|    NA|
|x|          6|         31|         31|    -100.0000000|         58|00:05:16|+0.00|0.50|0.4839|
|x|          7|         31|         31|    -133.3333333|         85|00:04:34|+0.06|0.38|0.6461|
|x|          8|         31|         31|    -150.0000000|        112|00:04:56|+0.25|0.44|0.6415|
|-|          3|         23|         31|    -140.0000000|        139|00:04:18|+0.12|0.29|0.3690|
|=|          5|         23|         31|    -150.0000000|        158|00:03:55|+0.04|0.20|0.4580|
|=|          1|         23|         31|    -157.1428571|        177|00:02:30|+0.08|0.21|0.5222|
|=|          4|         23|         31|    -150.0000000|        196|00:03:18|+0.07|0.19|0.4600|
|-|          2|         18|         31|    -155.3333333|        215|00:02:36|+0.01|0.12|0.3128|
|=|         10|         18|         31|    -159.8000000|        233|00:04:37|+0.05|0.15|0.3680|
|=|         11|         18|         58|    -163.1818182|        251|00:03:18|+0.03|0.12|0.4210|
+-+-----------+-----------+-----------+----------------+-----------+--------+-----+----+------+
Best-so-far configuration:          58    mean value:     -163.1818182
Description of the best-so-far configuration:
   .ID. determinismo populationSize tournamentSize gradoMutacion .PARENT.
58   58         0.88             93              3          0.12       36

# 2024-11-12 10:30:39 -03: Elite configurations (first number is the configuration ID; listed from best to worst according to the sum of ranks):
   determinismo populationSize tournamentSize gradoMutacion
58         0.88             93              3          0.12
52         0.95            151             13          0.13
30         0.75            105              4          0.09
63         0.92             78              5          0.09
# 2024-11-12 10:30:39 -03: Iteration 3 of 4
# experimentsUsedSoFar: 492
# remainingBudget: 508
# currentBudget: 254
# nbConfigurations: 24
# Markers:
     x No test is performed.
     c Configurations are discarded only due to capping.
     - The test is performed and some configurations are discarded.
     = The test is performed but no configuration is discarded.
     ! The test is performed and configurations could be discarded but elite configurations are preserved.
     . All alive configurations are elite and nothing is discarded

+-+-----------+-----------+-----------+----------------+-----------+--------+-----+----+------+
| |   Instance|      Alive|       Best|       Mean best| Exp so far|  W time|  rho|KenW|  Qvar|
+-+-----------+-----------+-----------+----------------+-----------+--------+-----+----+------+
|x|         12|         24|         58|    -200.0000000|         24|00:04:01|   NA|  NA|    NA|
|x|          6|         24|         58|    -150.0000000|         44|00:04:19|+0.00|0.50|0.4792|
|x|          4|         24|         58|    -133.3333333|         64|00:03:55|+0.00|0.33|0.3194|
|x|         10|         24|         58|    -150.0000000|         84|00:02:36|-0.06|0.21|0.5047|
|=|          2|         24|         58|    -159.6000000|        104|00:02:22|+0.06|0.25|0.5386|
|=|          9|         24|         58|    -149.6666667|        124|00:02:20|+0.05|0.21|0.4549|
|=|          7|         24|         58|    -156.8571429|        144|00:02:24|+0.07|0.21|0.4890|
|-|          8|         19|         58|    -162.2500000|        164|00:02:32|-0.03|0.10|0.3651|
|=|         11|         19|         75|    -166.0000000|        179|00:03:30|-0.05|0.07|0.4334|
|=|          5|         19|         75|    -169.4000000|        194|00:04:07|-0.02|0.08|0.4716|
|=|          1|         19|         75|    -172.1818182|        209|00:03:16|-0.02|0.07|0.4289|
|=|          3|         19|         75|    -166.1666667|        224|00:04:15|-0.02|0.07|0.3933|
|=|         13|         19|         75|    -161.0769231|        243|00:03:28|-0.02|0.06|0.3631|
+-+-----------+-----------+-----------+----------------+-----------+--------+-----+----+------+
Best-so-far configuration:          75    mean value:     -161.0769231
Description of the best-so-far configuration:
   .ID. determinismo populationSize tournamentSize gradoMutacion .PARENT.
75   75          0.8            104              4          0.09       30

# 2024-11-12 11:13:51 -03: Elite configurations (first number is the configuration ID; listed from best to worst according to the sum of ranks):
   determinismo populationSize tournamentSize gradoMutacion
75         0.80            104              4          0.09
58         0.88             93              3          0.12
30         0.75            105              4          0.09
63         0.92             78              5          0.09
# 2024-11-12 11:13:51 -03: Iteration 4 of 4
# experimentsUsedSoFar: 735
# remainingBudget: 265
# currentBudget: 265
# nbConfigurations: 22
# Markers:
     x No test is performed.
     c Configurations are discarded only due to capping.
     - The test is performed and some configurations are discarded.
     = The test is performed but no configuration is discarded.
     ! The test is performed and configurations could be discarded but elite configurations are preserved.
     . All alive configurations are elite and nothing is discarded

+-+-----------+-----------+-----------+----------------+-----------+--------+-----+----+------+
| |   Instance|      Alive|       Best|       Mean best| Exp so far|  W time|  rho|KenW|  Qvar|
+-+-----------+-----------+-----------+----------------+-----------+--------+-----+----+------+
|x|         14|         22|         75|    -200.0000000|         22|00:03:57|   NA|  NA|    NA|
|x|         11|         22|         98|    -199.5000000|         40|00:02:52|+0.07|0.53|0.9317|
|x|          1|         22|         98|    -199.6666667|         58|00:02:50|-0.07|0.29|1.0584|
|x|          9|         22|         98|    -174.7500000|         76|00:02:30|-0.05|0.21|0.7679|
|=|          3|         22|         98|    -159.8000000|         94|00:02:44|-0.04|0.17|0.6039|
|=|         13|         22|         98|    -149.8333333|        112|00:03:25|-0.03|0.14|0.4981|
|=|          2|         22|         98|    -156.4285714|        130|00:01:15|+0.02|0.16|0.5251|
|=|          6|         22|         98|    -149.3750000|        148|00:01:46|+0.02|0.14|0.4620|
|=|          5|         22|         98|    -155.0000000|        166|00:01:21|+0.06|0.17|0.4813|
|-|         10|         18|         98|    -159.5000000|        184|00:01:54|-0.02|0.09|0.3784|
|=|          7|         18|         98|    -163.1818182|        198|00:01:03|-0.01|0.08|0.3439|
|=|          8|         18|         98|    -166.2500000|        212|00:01:07|-0.01|0.07|0.3152|
|=|         12|         18|         98|    -168.8461538|        226|00:01:51|-0.01|0.07|0.2910|
|=|          4|         18|         98|    -163.9285714|        240|00:01:03|-0.01|0.06|0.2701|
|=|         15|         18|         98|    -166.3333333|        258|00:01:10|-0.01|0.06|0.2521|
+-+-----------+-----------+-----------+----------------+-----------+--------+-----+----+------+
Best-so-far configuration:          98    mean value:     -166.3333333
Description of the best-so-far configuration:
   .ID. determinismo populationSize tournamentSize gradoMutacion .PARENT.
98   98         0.84             88              3          0.13       58

# 2024-11-12 11:44:47 -03: Elite configurations (first number is the configuration ID; listed from best to worst according to the sum of ranks):
   determinismo populationSize tournamentSize gradoMutacion
98         0.84             88              3          0.13
58         0.88             93              3          0.12
75         0.80            104              4          0.09
97         0.89             74              3          0.12
# 2024-11-12 11:44:47 -03: Stopped because there is not enough budget left to race more than the minimum (4)
# You may either increase the budget or set 'minNbSurvival' to a lower value
# Iteration: 5
# nbIterations: 5
# experimentsUsedSoFar: 993
# timeUsed: 0
# remainingBudget: 7
# currentBudget: 7
# number of elites: 4
# nbConfigurations: 4
# Total CPU user time: 177.394, CPU sys time: 210.23, Wall-clock time: 57267.04
# Best configurations (first number is the configuration ID; listed from best to worst according to the sum of ranks):
   determinismo populationSize tournamentSize gradoMutacion
98         0.84             88              3          0.13
58         0.88             93              3          0.12
75         0.80            104              4          0.09
97         0.89             74              3          0.12
# Best configurations as commandlines (first number is the configuration ID; same order as above):
98  -a 0.84 -psize 88 -tsize 3 -mrate 0.13
58  -a 0.88 -psize 93 -tsize 3 -mrate 0.12
75  -a 0.8 -psize 104 -tsize 4 -mrate 0.09
97  -a 0.89 -psize 74 -tsize 3 -mrate 0.12


# Testing of elite configurations: 1 
# Testing iteration configurations: FALSE 
# 2024-11-12 11:44:47 -03: No test instances, skip testing
Warning message:
In readLines(con = file) :
  incomplete final line found on '/home/shared/sisadapt2/FFMSP/tuning075/parameters.txt'
