#------------------------------------------------------------------------------
# irace: An implementation in R of (Elitist) Iterated Racing
# Version: 3.5.6863679
# Copyright (C) 2010-2020
# Manuel Lopez-Ibanez     <manuel.lopez-ibanez@manchester.ac.uk>
# Jeremie Dubois-Lacoste  
# Leslie Perez Caceres    <leslie.perez.caceres@ulb.ac.be>
#
# This is free software, and you are welcome to redistribute it under certain
# conditions.  See the GNU General Public License for details. There is NO
# WARRANTY; not even for MERCHANTABILITY or FITNESS FOR A PARTICULAR PURPOSE.
#
# irace builds upon previous code from the race package:
#     race: Racing methods for the selection of the best
#     Copyright (C) 2003 Mauro Birattari
#------------------------------------------------------------------------------
# installed at: /home/shared/sisadapt2/R/x86_64-pc-linux-gnu-library/3.6/irace
# called with: 
== irace == WARNING: A default scenario file '/home/shared/sisadapt2/FFMSP/tuning085/scenario.txt' has been found and will be read.
batchmode 
sge,pbs,torque,slurm,htcondor 
# 2024-11-11 11:58:40 -03: Initialization
# Elitist race
# Elitist new instances: 1
# Elitist limit: 2
# nbIterations: 4
# minNbSurvival: 4
# nbParameters: 4
# seed: 653821565
# confidence level: 0.95
# budget: 1000
# mu: 5
# deterministic: FALSE

# 2024-11-11 11:58:40 -03: Iteration 1 of 4
# experimentsUsedSoFar: 0
# remainingBudget: 1000
# currentBudget: 250
# nbConfigurations: 41
# Markers:
     x No test is performed.
     c Configurations are discarded only due to capping.
     - The test is performed and some configurations are discarded.
     = The test is performed but no configuration is discarded.
     ! The test is performed and configurations could be discarded but elite configurations are preserved.
     . All alive configurations are elite and nothing is discarded

+-+-----------+-----------+-----------+----------------+-----------+--------+-----+----+------+
| |   Instance|      Alive|       Best|       Mean best| Exp so far|  W time|  rho|KenW|  Qvar|
+-+-----------+-----------+-----------+----------------+-----------+--------+-----+----+------+
#------------------------------------------------------------------------------
# irace: An implementation in R of (Elitist) Iterated Racing
# Version: 3.5.6863679
# Copyright (C) 2010-2020
# Manuel Lopez-Ibanez     <manuel.lopez-ibanez@manchester.ac.uk>
# Jeremie Dubois-Lacoste  
# Leslie Perez Caceres    <leslie.perez.caceres@ulb.ac.be>
#
# This is free software, and you are welcome to redistribute it under certain
# conditions.  See the GNU General Public License for details. There is NO
# WARRANTY; not even for MERCHANTABILITY or FITNESS FOR A PARTICULAR PURPOSE.
#
# irace builds upon previous code from the race package:
#     race: Racing methods for the selection of the best
#     Copyright (C) 2003 Mauro Birattari
#------------------------------------------------------------------------------
# installed at: /home/shared/sisadapt2/R/x86_64-pc-linux-gnu-library/3.6/irace
# called with: 
== irace == WARNING: A default scenario file '/home/shared/sisadapt2/FFMSP/tuning085/scenario.txt' has been found and will be read.
batchmode 
sge,pbs,torque,slurm,htcondor 
# 2024-11-11 19:50:37 -03: Initialization
# Elitist race
# Elitist new instances: 1
# Elitist limit: 2
# nbIterations: 4
# minNbSurvival: 4
# nbParameters: 4
# seed: 1393175356
# confidence level: 0.95
# budget: 1000
# mu: 5
# deterministic: FALSE

# 2024-11-11 19:50:37 -03: Iteration 1 of 4
# experimentsUsedSoFar: 0
# remainingBudget: 1000
# currentBudget: 250
# nbConfigurations: 41
# Markers:
     x No test is performed.
     c Configurations are discarded only due to capping.
     - The test is performed and some configurations are discarded.
     = The test is performed but no configuration is discarded.
     ! The test is performed and configurations could be discarded but elite configurations are preserved.
     . All alive configurations are elite and nothing is discarded

+-+-----------+-----------+-----------+----------------+-----------+--------+-----+----+------+
| |   Instance|      Alive|       Best|       Mean best| Exp so far|  W time|  rho|KenW|  Qvar|
+-+-----------+-----------+-----------+----------------+-----------+--------+-----+----+------+
|x|          1|         41|          1|    -2.000000000|         41|13:27:12|   NA|  NA|    NA|
|x|          2|         41|          1|    -4.500000000|         82|00:06:13|+0.42|0.71|0.5252|
|x|          3|         41|          1|    -3.333333333|        123|00:06:03|+0.46|0.64|0.5212|
|x|          4|         41|          1|    -2.500000000|        164|00:06:56|+0.31|0.48|0.5045|
|-|          5|         17|         16|    -2.400000000|        205|00:05:57|-0.03|0.17|0.7678|
|=|          6|         17|         33|    -1.833333333|        222|00:01:56|-0.06|0.12|0.8219|
|=|          7|         17|         33|    -1.571428571|        239|00:02:38|-0.06|0.09|0.8333|
+-+-----------+-----------+-----------+----------------+-----------+--------+-----+----+------+
Best-so-far configuration:          33    mean value:     -1.571428571
Description of the best-so-far configuration:
   .ID. determinismo populationSize tournamentSize gradoMutacion .PARENT.
33   33         0.83            186             10          0.01       NA

# 2024-11-12 09:47:36 -03: Elite configurations (first number is the configuration ID; listed from best to worst according to the sum of ranks):
   determinismo populationSize tournamentSize gradoMutacion
33         0.83            186             10          0.01
16         0.88            100              5          0.09
21         0.90            102             18          0.14
1          0.73             98             15          0.09
# 2024-11-12 09:47:36 -03: Iteration 2 of 4
# experimentsUsedSoFar: 239
# remainingBudget: 761
# currentBudget: 253
# nbConfigurations: 35
# Markers:
     x No test is performed.
     c Configurations are discarded only due to capping.
     - The test is performed and some configurations are discarded.
     = The test is performed but no configuration is discarded.
     ! The test is performed and configurations could be discarded but elite configurations are preserved.
     . All alive configurations are elite and nothing is discarded

+-+-----------+-----------+-----------+----------------+-----------+--------+-----+----+------+
| |   Instance|      Alive|       Best|       Mean best| Exp so far|  W time|  rho|KenW|  Qvar|
+-+-----------+-----------+-----------+----------------+-----------+--------+-----+----+------+
|x|          8|         35|         63|    -3.000000000|         35|00:05:30|   NA|  NA|    NA|
|x|          2|         35|         71|    -5.000000000|         66|00:05:02|+0.16|0.58|0.7672|
|x|          4|         35|         71|    -3.333333333|         97|00:05:04|+0.08|0.39|0.5796|
|x|          1|         35|         16|    -2.500000000|        128|00:04:10|+0.07|0.30|0.6613|
|=|          7|         35|         16|    -2.000000000|        159|00:05:18|+0.05|0.24|0.5425|
|=|          6|         35|         33|    -1.500000000|        190|00:03:17|+0.06|0.21|0.6051|
|-|          5|         24|         33|    -1.714285714|        221|00:03:07|-0.06|0.09|0.7302|
|=|          3|         24|         33|    -1.625000000|        241|00:02:34|-0.05|0.08|0.7530|
+-+-----------+-----------+-----------+----------------+-----------+--------+-----+----+------+
Best-so-far configuration:          33    mean value:     -1.625000000
Description of the best-so-far configuration:
   .ID. determinismo populationSize tournamentSize gradoMutacion .PARENT.
33   33         0.83            186             10          0.01       NA

# 2024-11-12 10:21:44 -03: Elite configurations (first number is the configuration ID; listed from best to worst according to the sum of ranks):
   determinismo populationSize tournamentSize gradoMutacion
33         0.83            186             10          0.01
16         0.88            100              5          0.09
61         0.93            130              4          0.10
71         0.93            137              3          0.11
# 2024-11-12 10:21:44 -03: Iteration 3 of 4
# experimentsUsedSoFar: 480
# remainingBudget: 520
# currentBudget: 260
# nbConfigurations: 32
# Markers:
     x No test is performed.
     c Configurations are discarded only due to capping.
     - The test is performed and some configurations are discarded.
     = The test is performed but no configuration is discarded.
     ! The test is performed and configurations could be discarded but elite configurations are preserved.
     . All alive configurations are elite and nothing is discarded

+-+-----------+-----------+-----------+----------------+-----------+--------+-----+----+------+
| |   Instance|      Alive|       Best|       Mean best| Exp so far|  W time|  rho|KenW|  Qvar|
+-+-----------+-----------+-----------+----------------+-----------+--------+-----+----+------+
|x|          9|         32|         91|    -11.00000000|         32|00:04:02|   NA|  NA|    NA|
|x|          3|         32|         91|    -6.000000000|         60|00:03:55|+0.12|0.56|0.7940|
|x|          2|         32|         74|    -6.666666667|         88|00:03:56|+0.30|0.53|0.6884|
|x|          4|         32|         74|    -5.000000000|        116|00:04:48|+0.20|0.40|0.5864|
|-|          5|         17|         71|    -4.400000000|        144|00:03:27|+0.15|0.32|0.4859|
|=|          6|         17|         71|    -3.666666667|        157|00:02:26|+0.05|0.21|0.6499|
|=|          1|         17|         61|    -3.142857143|        170|00:02:34|-0.01|0.13|0.7114|
|=|          8|         17|         71|    -3.000000000|        183|00:02:18|+0.03|0.16|0.7071|
|=|          7|         17|         71|    -2.666666667|        196|00:02:48|+0.03|0.14|0.6284|
|=|         10|         17|         97|    -2.500000000|        213|00:02:09|+0.05|0.14|0.6476|
+-+-----------+-----------+-----------+----------------+-----------+--------+-----+----+------+
Best-so-far configuration:          97    mean value:     -2.500000000
Description of the best-so-far configuration:
   .ID. determinismo populationSize tournamentSize gradoMutacion .PARENT.
97   97          0.9            140              3          0.13       71

# 2024-11-12 10:54:11 -03: Elite configurations (first number is the configuration ID; listed from best to worst according to the sum of ranks):
   determinismo populationSize tournamentSize gradoMutacion
97         0.90            140              3          0.13
61         0.93            130              4          0.10
71         0.93            137              3          0.11
77         0.89            104              3          0.10
# 2024-11-12 10:54:11 -03: Iteration 4 of 4
# experimentsUsedSoFar: 693
# remainingBudget: 307
# currentBudget: 307
# nbConfigurations: 31
# Markers:
     x No test is performed.
     c Configurations are discarded only due to capping.
     - The test is performed and some configurations are discarded.
     = The test is performed but no configuration is discarded.
     ! The test is performed and configurations could be discarded but elite configurations are preserved.
     . All alive configurations are elite and nothing is discarded

+-+-----------+-----------+-----------+----------------+-----------+--------+-----+----+------+
| |   Instance|      Alive|       Best|       Mean best| Exp so far|  W time|  rho|KenW|  Qvar|
+-+-----------+-----------+-----------+----------------+-----------+--------+-----+----+------+
|x|         11|         31|         97|     0.000000000|         31|00:03:53|   NA|  NA|    NA|
|x|          2|         31|        119|    -4.500000000|         58|00:03:37|+0.00|0.50|0.4839|
|x|          6|         31|        112|    -3.000000000|         85|00:03:45|+0.06|0.37|0.5833|
|x|          7|         31|        112|    -2.250000000|        112|00:04:18|+0.04|0.28|0.4530|
|=|          1|         31|        112|    -2.000000000|        139|00:03:07|-0.01|0.19|0.5633|
|=|          3|         31|        112|    -1.833333333|        166|00:03:53|-0.03|0.14|0.6588|
|=|         10|         31|        112|    -1.714285714|        193|00:02:59|+0.01|0.15|0.6817|
|=|          9|         31|        119|    -2.750000000|        220|00:02:47|+0.02|0.14|0.7087|
|=|          5|         31|        126|    -2.888888889|        247|00:02:49|+0.02|0.13|0.7313|
|=|          8|         31|        126|    -2.800000000|        274|00:02:29|+0.03|0.13|0.7440|
|=|          4|         31|        126|    -2.545454545|        301|00:03:45|+0.03|0.11|0.6791|
+-+-----------+-----------+-----------+----------------+-----------+--------+-----+----+------+
Best-so-far configuration:         126    mean value:     -2.545454545
Description of the best-so-far configuration:
    .ID. determinismo populationSize tournamentSize gradoMutacion .PARENT.
126  126         0.89            137              4           0.1       71

# 2024-11-12 11:31:38 -03: Elite configurations (first number is the configuration ID; listed from best to worst according to the sum of ranks):
    determinismo populationSize tournamentSize gradoMutacion
126         0.89            137              4          0.10
112         0.86            146              3          0.11
119         0.86            141              3          0.14
121         0.84            143              3          0.13
# 2024-11-12 11:31:38 -03: Stopped because there is not enough budget left to race more than the minimum (4)
# You may either increase the budget or set 'minNbSurvival' to a lower value
# Iteration: 5
# nbIterations: 5
# experimentsUsedSoFar: 994
# timeUsed: 0
# remainingBudget: 6
# currentBudget: 6
# number of elites: 4
# nbConfigurations: 4
# Total CPU user time: 176.39, CPU sys time: 205.262, Wall-clock time: 56460.61
# Best configurations (first number is the configuration ID; listed from best to worst according to the sum of ranks):
    determinismo populationSize tournamentSize gradoMutacion
126         0.89            137              4          0.10
112         0.86            146              3          0.11
119         0.86            141              3          0.14
121         0.84            143              3          0.13
# Best configurations as commandlines (first number is the configuration ID; same order as above):
126  -a 0.89 -psize 137 -tsize 4 -mrate 0.1
112  -a 0.86 -psize 146 -tsize 3 -mrate 0.11
119  -a 0.86 -psize 141 -tsize 3 -mrate 0.14
121  -a 0.84 -psize 143 -tsize 3 -mrate 0.13


# Testing of elite configurations: 1 
# Testing iteration configurations: FALSE 
# 2024-11-12 11:31:38 -03: No test instances, skip testing
Warning message:
In readLines(con = file) :
  incomplete final line found on '/home/shared/sisadapt2/FFMSP/tuning085/parameters.txt'
