#------------------------------------------------------------------------------
# irace: An implementation in R of (Elitist) Iterated Racing
# Version: 3.5.6863679
# Copyright (C) 2010-2020
# Manuel Lopez-Ibanez     <manuel.lopez-ibanez@manchester.ac.uk>
# Jeremie Dubois-Lacoste  
# Leslie Perez Caceres    <leslie.perez.caceres@ulb.ac.be>
#
# This is free software, and you are welcome to redistribute it under certain
# conditions.  See the GNU General Public License for details. There is NO
# WARRANTY; not even for MERCHANTABILITY or FITNESS FOR A PARTICULAR PURPOSE.
#
# irace builds upon previous code from the race package:
#     race: Racing methods for the selection of the best
#     Copyright (C) 2003 Mauro Birattari
#------------------------------------------------------------------------------
# installed at: /home/shared/sisadapt2/R/x86_64-pc-linux-gnu-library/3.6/irace
# called with: 
== irace == WARNING: A default scenario file '/home/shared/sisadapt2/FFMSP/tuning/scenario.txt' has been found and will be read.
batchmode 
sge,pbs,torque,slurm,htcondor 
# 2024-11-11 11:11:33 -03: Initialization
# Elitist race
# Elitist new instances: 1
# Elitist limit: 2
# nbIterations: 4
# minNbSurvival: 4
# nbParameters: 4
# seed: 553088055
# confidence level: 0.95
# budget: 1000
# mu: 5
# deterministic: FALSE

# 2024-11-11 11:11:33 -03: Iteration 1 of 4
# experimentsUsedSoFar: 0
# remainingBudget: 1000
# currentBudget: 250
# nbConfigurations: 41
# Markers:
     x No test is performed.
     c Configurations are discarded only due to capping.
     - The test is performed and some configurations are discarded.
     = The test is performed but no configuration is discarded.
     ! The test is performed and configurations could be discarded but elite configurations are preserved.
     . All alive configurations are elite and nothing is discarded

+-+-----------+-----------+-----------+----------------+-----------+--------+-----+----+------+
| |   Instance|      Alive|       Best|       Mean best| Exp so far|  W time|  rho|KenW|  Qvar|
+-+-----------+-----------+-----------+----------------+-----------+--------+-----+----+------+
#------------------------------------------------------------------------------
# irace: An implementation in R of (Elitist) Iterated Racing
# Version: 3.5.6863679
# Copyright (C) 2010-2020
# Manuel Lopez-Ibanez     <manuel.lopez-ibanez@manchester.ac.uk>
# Jeremie Dubois-Lacoste  
# Leslie Perez Caceres    <leslie.perez.caceres@ulb.ac.be>
#
# This is free software, and you are welcome to redistribute it under certain
# conditions.  See the GNU General Public License for details. There is NO
# WARRANTY; not even for MERCHANTABILITY or FITNESS FOR A PARTICULAR PURPOSE.
#
# irace builds upon previous code from the race package:
#     race: Racing methods for the selection of the best
#     Copyright (C) 2003 Mauro Birattari
#------------------------------------------------------------------------------
# installed at: /home/shared/sisadapt2/R/x86_64-pc-linux-gnu-library/3.6/irace
# called with: 
== irace == WARNING: A default scenario file '/home/shared/sisadapt2/FFMSP/tuning/scenario.txt' has been found and will be read.
batchmode 
sge,pbs,torque,slurm,htcondor 
# 2024-11-11 19:49:58 -03: Initialization
# Elitist race
# Elitist new instances: 1
# Elitist limit: 2
# nbIterations: 4
# minNbSurvival: 4
# nbParameters: 4
# seed: 2018831079
# confidence level: 0.95
# budget: 1000
# mu: 5
# deterministic: FALSE

# 2024-11-11 19:49:58 -03: Iteration 1 of 4
# experimentsUsedSoFar: 0
# remainingBudget: 1000
# currentBudget: 250
# nbConfigurations: 41
# Markers:
     x No test is performed.
     c Configurations are discarded only due to capping.
     - The test is performed and some configurations are discarded.
     = The test is performed but no configuration is discarded.
     ! The test is performed and configurations could be discarded but elite configurations are preserved.
     . All alive configurations are elite and nothing is discarded

+-+-----------+-----------+-----------+----------------+-----------+--------+-----+----+------+
| |   Instance|      Alive|       Best|       Mean best| Exp so far|  W time|  rho|KenW|  Qvar|
+-+-----------+-----------+-----------+----------------+-----------+--------+-----+----+------+
|x|          1|         41|          7|    -48.00000000|         41|13:24:38|   NA|  NA|    NA|
|x|          2|         41|          7|    -63.50000000|         82|00:05:19|+0.87|0.94|0.1311|
|x|          3|         41|          7|    -62.00000000|        123|00:06:09|+0.91|0.94|0.0977|
|x|          4|         41|          7|    -64.75000000|        164|00:06:03|+0.90|0.93|0.1050|
|-|          5|          5|          7|    -62.80000000|        205|00:06:45|+0.06|0.25|0.6749|
|=|          6|          5|          7|    -59.66666667|        210|00:05:29|+0.10|0.25|0.6776|
|=|          7|          5|          7|    -60.57142857|        215|00:01:27|+0.20|0.32|0.5939|
+-+-----------+-----------+-----------+----------------+-----------+--------+-----+----+------+
Best-so-far configuration:           7    mean value:     -60.57142857
Description of the best-so-far configuration:
  .ID. determinismo populationSize tournamentSize gradoMutacion .PARENT.
7    7         0.95             38              8          0.13       NA

# 2024-11-12 09:45:51 -03: Elite configurations (first number is the configuration ID; listed from best to worst according to the sum of ranks):
   determinismo populationSize tournamentSize gradoMutacion
7          0.95             38              8          0.13
40         0.94            163             18          0.09
19         0.98            198              4          0.04
9          0.80            159              4          0.12
# 2024-11-12 09:45:51 -03: Iteration 2 of 4
# experimentsUsedSoFar: 215
# remainingBudget: 785
# currentBudget: 261
# nbConfigurations: 36
# Markers:
     x No test is performed.
     c Configurations are discarded only due to capping.
     - The test is performed and some configurations are discarded.
     = The test is performed but no configuration is discarded.
     ! The test is performed and configurations could be discarded but elite configurations are preserved.
     . All alive configurations are elite and nothing is discarded

+-+-----------+-----------+-----------+----------------+-----------+--------+-----+----+------+
| |   Instance|      Alive|       Best|       Mean best| Exp so far|  W time|  rho|KenW|  Qvar|
+-+-----------+-----------+-----------+----------------+-----------+--------+-----+----+------+
|x|          8|         36|         70|    -53.00000000|         36|00:04:26|   NA|  NA|    NA|
|x|          6|         36|         50|    -48.00000000|         68|00:05:25|+0.95|0.97|0.0546|
|x|          2|         36|         70|    -60.33333333|        100|00:03:58|+0.64|0.76|0.3299|
|x|          7|         36|         70|    -62.25000000|        132|00:04:48|+0.65|0.74|0.3250|
|-|          4|         14|         70|    -64.40000000|        164|00:04:38|-0.06|0.15|0.9141|
|=|          3|         14|         70|    -63.16666667|        174|00:03:34|-0.01|0.15|0.8822|
|=|          5|         14|         70|    -61.85714286|        184|00:02:00|+0.01|0.16|0.8592|
|=|          1|         14|          7|    -59.25000000|        194|00:03:54|+0.06|0.17|0.8257|
|=|          9|         14|         70|    -60.66666667|        208|00:02:07|+0.08|0.18|0.8103|
+-+-----------+-----------+-----------+----------------+-----------+--------+-----+----+------+
Best-so-far configuration:          70    mean value:     -60.66666667
Description of the best-so-far configuration:
   .ID. determinismo populationSize tournamentSize gradoMutacion .PARENT.
70   70         0.96             62              7          0.14        7

# 2024-11-12 10:20:45 -03: Elite configurations (first number is the configuration ID; listed from best to worst according to the sum of ranks):
   determinismo populationSize tournamentSize gradoMutacion
70         0.96             62              7          0.14
7          0.95             38              8          0.13
48         0.89            146              4          0.13
50         0.99             79              6          0.08
# 2024-11-12 10:20:45 -03: Iteration 3 of 4
# experimentsUsedSoFar: 423
# remainingBudget: 577
# currentBudget: 288
# nbConfigurations: 32
# Markers:
     x No test is performed.
     c Configurations are discarded only due to capping.
     - The test is performed and some configurations are discarded.
     = The test is performed but no configuration is discarded.
     ! The test is performed and configurations could be discarded but elite configurations are preserved.
     . All alive configurations are elite and nothing is discarded

+-+-----------+-----------+-----------+----------------+-----------+--------+-----+----+------+
| |   Instance|      Alive|       Best|       Mean best| Exp so far|  W time|  rho|KenW|  Qvar|
+-+-----------+-----------+-----------+----------------+-----------+--------+-----+----+------+
|x|         10|         32|         77|    -65.00000000|         32|00:03:49|   NA|  NA|    NA|
|x|          9|         32|         77|    -67.00000000|         60|00:03:51|+0.53|0.77|0.4324|
|x|          7|         32|         77|    -67.66666667|         88|00:03:39|+0.58|0.72|0.4252|
|x|          4|         32|         77|    -70.00000000|        116|00:03:59|+0.44|0.58|0.5522|
|-|          1|         17|         77|    -63.80000000|        144|00:04:30|+0.01|0.21|0.9236|
|=|          5|         17|         95|    -63.50000000|        157|00:03:00|+0.03|0.19|0.9629|
|=|          6|         17|         95|    -61.14285714|        170|00:02:50|+0.03|0.17|0.9425|
|=|          2|         17|         95|    -63.75000000|        183|00:02:01|+0.08|0.19|0.9076|
|-|          3|         12|         95|    -63.66666667|        196|00:02:20|-0.01|0.11|0.9338|
|=|          8|         12|         95|    -62.40000000|        204|00:02:37|+0.01|0.11|0.9125|
|=|         11|         12|         95|    -61.72727273|        216|00:02:05|+0.01|0.10|0.9119|
+-+-----------+-----------+-----------+----------------+-----------+--------+-----+----+------+
Best-so-far configuration:          95    mean value:     -61.72727273
Description of the best-so-far configuration:
   .ID. determinismo populationSize tournamentSize gradoMutacion .PARENT.
95   95         0.99             54              4          0.13       70

# 2024-11-12 10:55:33 -03: Elite configurations (first number is the configuration ID; listed from best to worst according to the sum of ranks):
   determinismo populationSize tournamentSize gradoMutacion
95         0.99             54              4          0.13
86         0.98             41              8          0.15
84         0.95            135              4          0.13
70         0.96             62              7          0.14
# 2024-11-12 10:55:33 -03: Iteration 4 of 4
# experimentsUsedSoFar: 639
# remainingBudget: 361
# currentBudget: 361
# nbConfigurations: 33
# Markers:
     x No test is performed.
     c Configurations are discarded only due to capping.
     - The test is performed and some configurations are discarded.
     = The test is performed but no configuration is discarded.
     ! The test is performed and configurations could be discarded but elite configurations are preserved.
     . All alive configurations are elite and nothing is discarded

+-+-----------+-----------+-----------+----------------+-----------+--------+-----+----+------+
| |   Instance|      Alive|       Best|       Mean best| Exp so far|  W time|  rho|KenW|  Qvar|
+-+-----------+-----------+-----------+----------------+-----------+--------+-----+----+------+
|x|         12|         33|        120|    -52.00000000|         33|00:04:58|   NA|  NA|    NA|
|x|          8|         33|        128|    -53.50000000|         62|00:03:41|+0.83|0.91|0.0426|
|x|          9|         33|        103|    -57.33333333|         91|00:03:19|+0.46|0.64|0.1940|
|x|         11|         33|        103|    -56.50000000|        120|00:04:08|+0.51|0.64|0.1637|
|-|          4|         14|        103|    -61.60000000|        149|00:03:49|-0.09|0.13|0.9528|
|=|          7|         14|        103|    -61.83333333|        159|00:03:00|-0.10|0.08|0.9903|
|=|         10|         14|        104|    -61.42857143|        169|00:02:30|-0.07|0.08|0.9671|
|=|          6|         14|        104|    -59.00000000|        179|00:02:46|-0.06|0.07|0.9321|
|=|          3|         14|         95|    -59.66666667|        189|00:02:54|-0.08|0.04|0.9657|
|=|          1|         14|         95|    -58.90000000|        199|00:02:50|-0.04|0.07|0.9170|
|=|          2|         14|         95|    -61.00000000|        209|00:03:02|-0.04|0.06|0.9382|
|=|          5|         14|         95|    -60.58333333|        219|00:01:39|-0.04|0.05|0.9601|
|=|         13|         14|         95|    -59.46153846|        233|00:01:45|-0.02|0.06|0.9333|
+-+-----------+-----------+-----------+----------------+-----------+--------+-----+----+------+
Best-so-far configuration:          95    mean value:     -59.46153846
Description of the best-so-far configuration:
   .ID. determinismo populationSize tournamentSize gradoMutacion .PARENT.
95   95         0.99             54              4          0.13       70

# 2024-11-12 11:36:00 -03: Elite configurations (first number is the configuration ID; listed from best to worst according to the sum of ranks):
    determinismo populationSize tournamentSize gradoMutacion
95          0.99             54              4          0.13
117         0.98             42              4          0.13
103         0.97             58              4          0.13
86          0.98             41              8          0.15
# 2024-11-12 11:36:00 -03: Iteration 5 of 5
# experimentsUsedSoFar: 872
# remainingBudget: 128
# currentBudget: 128
# nbConfigurations: 12
# Markers:
     x No test is performed.
     c Configurations are discarded only due to capping.
     - The test is performed and some configurations are discarded.
     = The test is performed but no configuration is discarded.
     ! The test is performed and configurations could be discarded but elite configurations are preserved.
     . All alive configurations are elite and nothing is discarded

+-+-----------+-----------+-----------+----------------+-----------+--------+-----+----+------+
| |   Instance|      Alive|       Best|       Mean best| Exp so far|  W time|  rho|KenW|  Qvar|
+-+-----------+-----------+-----------+----------------+-----------+--------+-----+----+------+
|x|         14|         12|        117|    -66.00000000|         12|00:01:31|   NA|  NA|    NA|
|x|         12|         12|        134|    -57.50000000|         20|00:01:07|+0.43|0.72|0.5415|
|x|          8|         12|        134|    -56.66666667|         28|00:01:53|+0.13|0.42|0.6919|
|x|          4|         12|        103|    -62.25000000|         36|00:01:03|-0.03|0.23|0.9129|
|=|         11|         12|        103|    -60.60000000|         44|00:01:09|+0.11|0.29|0.8061|
|-|          1|          9|        117|    -59.00000000|         52|00:01:51|+0.06|0.21|0.8576|
|=|          9|          9|        134|    -59.85714286|         57|00:01:04|+0.04|0.18|0.8568|
|=|          7|          9|        134|    -60.87500000|         62|00:01:03|+0.01|0.14|0.8889|
|=|          2|          9|        134|    -63.00000000|         67|00:01:03|-0.02|0.09|0.9109|
|=|          3|          9|        134|    -63.20000000|         72|00:01:05|+0.00|0.10|0.8811|
|=|          6|          9|        134|    -61.36363636|         77|00:01:00|+0.00|0.09|0.8861|
|=|         13|          9|        134|    -59.66666667|         82|00:01:01|-0.02|0.07|0.9202|
|=|          5|          9|        134|    -59.46153846|         87|00:01:03|-0.01|0.07|0.9157|
|=|         10|          9|        134|    -59.42857143|         92|00:01:03|-0.03|0.04|0.9276|
|=|         15|          9|        134|    -60.26666667|        101|00:01:03|-0.02|0.05|0.9187|
+-+-----------+-----------+-----------+----------------+-----------+--------+-----+----+------+
Best-so-far configuration:         134    mean value:     -60.26666667
Description of the best-so-far configuration:
    .ID. determinismo populationSize tournamentSize gradoMutacion .PARENT.
134  134         0.97             55              4          0.14       95

# 2024-11-12 11:54:04 -03: Elite configurations (first number is the configuration ID; listed from best to worst according to the sum of ranks):
    determinismo populationSize tournamentSize gradoMutacion
134         0.97             55              4          0.14
117         0.98             42              4          0.13
95          0.99             54              4          0.13
137         0.96             54              4          0.13
# 2024-11-12 11:54:04 -03: Iteration 6 of 6
# experimentsUsedSoFar: 973
# remainingBudget: 27
# currentBudget: 27
# nbConfigurations: 5
# Markers:
     x No test is performed.
     c Configurations are discarded only due to capping.
     - The test is performed and some configurations are discarded.
     = The test is performed but no configuration is discarded.
     ! The test is performed and configurations could be discarded but elite configurations are preserved.
     . All alive configurations are elite and nothing is discarded

+-+-----------+-----------+-----------+----------------+-----------+--------+-----+----+------+
| |   Instance|      Alive|       Best|       Mean best| Exp so far|  W time|  rho|KenW|  Qvar|
+-+-----------+-----------+-----------+----------------+-----------+--------+-----+----+------+
|x|         16|          5|        117|    -51.00000000|          5|00:01:00|   NA|  NA|    NA|
|x|         14|          5|        117|    -58.50000000|          6|00:01:02|+0.67|0.83|0.2058|
|x|          1|          5|        117|    -57.00000000|          7|00:01:00|+0.50|0.67|0.3475|
|x|         15|          5|        117|    -60.50000000|          8|00:01:02|+0.52|0.64|0.3490|
|=|          6|          5|        117|    -57.40000000|          9|00:01:00|+0.16|0.33|0.6517|
|=|          7|          5|        117|    -58.66666667|         10|00:01:02|+0.00|0.17|0.7767|
|=|         12|          5|        117|    -57.28571429|         11|00:01:00|+0.01|0.15|0.7812|
|=|         13|          5|        117|    -55.62500000|         12|00:01:02|-0.06|0.07|0.8354|
|=|          2|          5|        117|    -58.33333333|         13|00:01:02|-0.09|0.03|0.8481|
|=|          5|          5|        117|    -58.00000000|         14|00:01:00|-0.07|0.03|0.8446|
|=|          4|          5|        117|    -59.72727273|         15|00:01:00|-0.05|0.05|0.8370|
|=|         11|          5|        117|    -59.58333333|         16|00:01:00|-0.02|0.07|0.8118|
|=|         10|          5|        117|    -59.76923077|         17|00:01:02|+0.00|0.08|0.8032|
|=|          9|          5|        117|    -60.07142857|         18|00:01:00|-0.01|0.06|0.8125|
|=|          3|          5|        117|    -60.40000000|         19|00:01:02|+0.01|0.07|0.7924|
|=|          8|          5|        117|    -59.75000000|         20|00:01:00|-0.01|0.05|0.8079|
|=|         17|          5|        117|    -59.52941176|         25|00:01:02|-0.03|0.03|0.8214|
+-+-----------+-----------+-----------+----------------+-----------+--------+-----+----+------+
Best-so-far configuration:         117    mean value:     -59.52941176
Description of the best-so-far configuration:
    .ID. determinismo populationSize tournamentSize gradoMutacion .PARENT.
117  117         0.98             42              4          0.13       95

# 2024-11-12 12:11:33 -03: Elite configurations (first number is the configuration ID; listed from best to worst according to the sum of ranks):
    determinismo populationSize tournamentSize gradoMutacion
117         0.98             42              4          0.13
134         0.97             55              4          0.14
95          0.99             54              4          0.13
137         0.96             54              4          0.13
# 2024-11-12 12:11:33 -03: Stopped because there is not enough budget left to race more than the minimum (4)
# You may either increase the budget or set 'minNbSurvival' to a lower value
# Iteration: 7
# nbIterations: 7
# experimentsUsedSoFar: 998
# timeUsed: 0
# remainingBudget: 2
# currentBudget: 2
# number of elites: 4
# nbConfigurations: 3
# Total CPU user time: 184.842, CPU sys time: 214.962, Wall-clock time: 58895.29
# Best configurations (first number is the configuration ID; listed from best to worst according to the sum of ranks):
    determinismo populationSize tournamentSize gradoMutacion
117         0.98             42              4          0.13
134         0.97             55              4          0.14
95          0.99             54              4          0.13
137         0.96             54              4          0.13
# Best configurations as commandlines (first number is the configuration ID; same order as above):
117  -a 0.98 -psize 42 -tsize 4 -mrate 0.13
134  -a 0.97 -psize 55 -tsize 4 -mrate 0.14
95   -a 0.99 -psize 54 -tsize 4 -mrate 0.13
137  -a 0.96 -psize 54 -tsize 4 -mrate 0.13


# Testing of elite configurations: 1 
# Testing iteration configurations: FALSE 
# 2024-11-12 12:11:33 -03: No test instances, skip testing
Warning message:
In readLines(con = file) :
  incomplete final line found on '/home/shared/sisadapt2/FFMSP/tuning/parameters.txt'
